<?xml version="1.0" encoding="UTF-8"?>
<!-- Generated by org.testng.reporters.JUnitReportReporter -->
<testsuite hostname="DESKTOP-4RMJIDB" failures="0" tests="1" name="testNG.NewTest" time="0.013" errors="0" timestamp="2022-10-11T19:36:42 IST" skipped="0">
  <testcase classname="testNG.NewTest" name="f" time="0.013"/>
  <system-out/>
</testsuite> <!-- testNG.NewTest -->
