<?xml version="1.0" encoding="UTF-8"?>
<!-- Generated by org.testng.reporters.JUnitReportReporter -->
<testsuite hostname="DESKTOP-4RMJIDB" failures="0" tests="5" name="testNG.Ex1" time="0.019" errors="0" timestamp="2022-10-11T16:13:17 IST" skipped="0">
  <testcase classname="testNG.Ex1" name="sub" time="0.010"/>
  <system-out/>
  <testcase classname="testNG.Ex1" name="Book" time="0.003"/>
  <system-out/>
  <testcase classname="testNG.Ex1" name="add" time="0.001"/>
  <system-out/>
  <testcase classname="testNG.Ex1" name="bBok" time="0.002"/>
  <system-out/>
  <testcase classname="testNG.Ex1" name="book" time="0.003"/>
  <system-out/>
</testsuite> <!-- testNG.Ex1 -->
