<?xml version="1.0" encoding="UTF-8"?>
<!-- Generated by org.testng.reporters.JUnitReportReporter -->
<testsuite hostname="DESKTOP-4RMJIDB" failures="0" tests="1" name="testNG.parameter" time="36.803" errors="0" timestamp="2022-10-11T20:14:50 IST" skipped="0">
  <testcase classname="testNG.parameter" name="add" time="36.803"/>
  <system-out/>
</testsuite> <!-- testNG.parameter -->
