<?xml version="1.0" encoding="UTF-8"?>
<!-- Generated by org.testng.reporters.JUnitReportReporter -->
<testsuite hostname="DESKTOP-4RMJIDB" failures="0" tests="1" name="testNG.sample" time="0.003" errors="0" timestamp="2022-10-11T19:36:42 IST" skipped="0">
  <testcase classname="testNG.sample" name="f" time="0.003"/>
  <system-out/>
</testsuite> <!-- testNG.sample -->
