<?xml version="1.0" encoding="UTF-8"?>
<!-- Generated by org.testng.reporters.JUnitReportReporter -->
<testsuite hostname="DESKTOP-4RMJIDB" failures="0" tests="3" name="testNG.dataprovider" time="81.509" errors="0" timestamp="2022-10-11T18:53:30 IST" skipped="0">
  <testcase classname="testNG.dataprovider" name="add" time="31.898"/>
  <system-out/>
  <testcase classname="testNG.dataprovider" name="add" time="24.812"/>
  <system-out/>
  <testcase classname="testNG.dataprovider" name="add" time="24.799"/>
  <system-out/>
</testsuite> <!-- testNG.dataprovider -->
